VK_VERSION_1_1 check failed: vkBindBufferMemory2 not found
VK_VERSION_1_1 check failed: vkBindImageMemory2 not found
VK_VERSION_1_1 check failed: vkGetDeviceGroupPeerMemoryFeatures not found
VK_VERSION_1_1 check failed: vkCmdSetDeviceMask not found
VK_VERSION_1_1 check failed: vkCmdDispatchBase not found
VK_VERSION_1_1 check failed: vkGetImageMemoryRequirements2 not found
VK_VERSION_1_1 check failed: vkGetBufferMemoryRequirements2 not found
VK_VERSION_1_1 check failed: vkGetImageSparseMemoryRequirements2 not found
VK_VERSION_1_1 check failed: vkTrimCommandPool not found
VK_VERSION_1_1 check failed: vkGetDeviceQueue2 not found
VK_VERSION_1_1 check failed: vkCreateSamplerYcbcrConversion not found
VK_VERSION_1_1 check failed: vkDestroySamplerYcbcrConversion not found
VK_VERSION_1_1 check failed: vkCreateDescriptorUpdateTemplate not found
VK_VERSION_1_1 check failed: vkDestroyDescriptorUpdateTemplate not found
VK_VERSION_1_1 check failed: vkUpdateDescriptorSetWithTemplate not found
VK_VERSION_1_1 check failed: vkGetDescriptorSetLayoutSupport not found
createOrGetGlobalVkEmulation: Warning: Vulkan 1.1 APIs missing from device
E1111 13:32:51.167603389   21307 socket_utils_common_posix.cc:201] check for SO_REUSEPORT: {"created":"@1636648371.167595191","description":"SO_REUSEPORT unavailable on compiling system","file":"/mnt/tmpfs/src/android/emu-master-dev/external/grpc/src/core/lib/iomgr/socket_utils_common_posix.cc","file_line":169}
qemu-system-x86_64: warning: TSC frequency mismatch between VM (2591998 kHz) and host (2591999 kHz), and TSC scaling unavailable
qemu-system-x86_64: warning: TSC frequency mismatch between VM (2591998 kHz) and host (2591999 kHz), and TSC scaling unavailable
qemu-system-x86_64: warning: TSC frequency mismatch between VM (2591998 kHz) and host (2591999 kHz), and TSC scaling unavailable
qemu-system-x86_64: warning: TSC frequency mismatch between VM (2591998 kHz) and host (2591999 kHz), and TSC scaling unavailable
emulator: INFO: QtLogger.cpp:68: Critical: Failed to load https://maps.googleapis.com/maps/api/mapsjs/gen_204?csp_test=true: The 'Access-Control-Allow-Origin' header has a value 'qrc://' that is not equal to the supplied origin. Origin 'qrc://' is therefore not allowed access. (qrc:/html/js/common.js:0, (null))


emulator: INFO: QtLogger.cpp:68: Critical: Failed to load https://maps.googleapis.com/maps/api/mapsjs/gen_204?csp_test=true: The 'Access-Control-Allow-Origin' header has a value 'qrc://' that is not equal to the supplied origin. Origin 'qrc://' is therefore not allowed access. (qrc:/html/js/common.js:0, (null))


Warning: restoring GLES1 context from snapshot. App may need reloading.
